00000000000i[     ] Bochs x86 Emulator 2.1.pre1
00000000000i[     ]   Build from CVS snapshot on September 30, 2003
00000000000i[     ] System configuration
00000000000i[     ]   processors: 1
00000000000i[     ]   A20 line support: yes
00000000000i[     ]   APIC support: yes
00000000000i[     ] CPU configuration
00000000000i[     ]   level: 6
00000000000i[     ]   fpu support: yes
00000000000i[     ]   paging support: yes, tlb enabled: yes
00000000000i[     ]   mmx support: yes
00000000000i[     ]   sse support: 2
00000000000i[     ]   v8086 mode support: yes
00000000000i[     ]   3dnow! support: yes
00000000000i[     ]   PAE support: yes
00000000000i[     ]   PGE support: yes
00000000000i[     ]   PSE support: yes
00000000000i[     ]   x86-64 support: yes
00000000000i[     ]   SEP support: no
00000000000i[     ] Optimization configuration
00000000000i[     ]   Guest2HostTLB support: yes
00000000000i[     ]   RepeatSpeedups support: yes
00000000000i[     ]   Icache support: yes
00000000000i[     ]   Host Asm support: yes
00000000000i[MEM0 ] allocated memory at 0x8299000. after alignment, vector=0x8299000
00000000000i[MEM0 ] 24.00MB
00000000000i[MEM0 ] rom at 0xf0000/65536 ('/data/bochs/bios/BIOS-bochs-latest')
00000000000i[MEM0 ] rom at 0xc0000/32769 ('/data/bochs/bios/VGABIOS-elpin-2.40')
00000000000i[APIC?] local apic in  initializing
00000000000i[APIC0] 80686
00000000000i[CMOS ] Using local time for initial clock
00000000000i[CMOS ] Setting initial clock to: Tue Jan  6 21:44:05 2004 (time0=1073421845)
00000000000i[DMA  ] channel 4 used by cascade
00000000000i[DMA  ] channel 2 used by Floppy Drive
00000000000i[FDD  ] fd0: 'os_unreal.bootimg' ro=0, h=2,t=80,spt=18
00000000000i[XGUI ] test_alloc_colors: 16 colors available out of 16 colors tried
00000000000i[XGUI ] font 8 wide x 16 high, display depth = 24
00000000000i[VGA  ] interval=80000
00000000000i[VGA  ] VBE Bochs Display Extension Enabled
00000000000i[     ] init_mem of 'harddrv' plugin device by virtual method
00000000000i[     ] init_mem of 'keyboard' plugin device by virtual method
00000000000i[     ] init_mem of 'serial' plugin device by virtual method
00000000000i[     ] init_mem of 'parallel' plugin device by virtual method
00000000000i[     ] init_mem of 'extfpuirq' plugin device by virtual method
00000000000i[     ] init_mem of 'gameport' plugin device by virtual method
00000000000i[     ] init_dev of 'harddrv' plugin device by virtual method
00000000000i[HD   ] Boot device will be 'a'
00000000000i[HD   ] Floppy boot signature check is disabled
00000000000i[     ] init_dev of 'keyboard' plugin device by virtual method
00000000000i[KBD  ] will paste characters every 1000 keyboard ticks
00000000000i[     ] init_dev of 'serial' plugin device by virtual method
00000000000i[SER  ] com1 at 0x3f8/8 irq 4
00000000000i[     ] init_dev of 'parallel' plugin device by virtual method
00000000000i[PAR  ] parallel port 1 at 0x378
00000000000i[     ] init_dev of 'extfpuirq' plugin device by virtual method
00000000000i[     ] init_dev of 'gameport' plugin device by virtual method
00000000000i[     ] reset of 'harddrv' plugin device by virtual method
00000000000i[     ] reset of 'keyboard' plugin device by virtual method
00000000000i[     ] reset of 'serial' plugin device by virtual method
00000000000i[     ] reset of 'parallel' plugin device by virtual method
00000000000i[     ] reset of 'extfpuirq' plugin device by virtual method
00000000000i[     ] reset of 'gameport' plugin device by virtual method
00000000000i[XGUI ] [x] Mouse off
00000004256i[BIOS ]  rombios.c,v 1.85.2.1 2003/01/16 21:58:42 cbothamy Exp $
00000573638i[KBD  ] reset-disable command received
00000600000i[XGUI ] charmap update. Font Height is 16
00000840182i[FDD  ] partial read() on floppy image returns 284/512
00005024850p[CPU0 ] >>PANIC<< prefetch: running in bogus memory
00005024850i[SYS  ] Last time is 1073421945
00005024850i[XGUI ] Exit.
00005024850i[CPU0 ] protected mode
00005024850i[CPU0 ] CS.d_b = 32 bit
00005024850i[CPU0 ] SS.d_b = 32 bit
00005024850i[CPU0 ] | EAX=60000008  EBX=00007c00  ECX=00000000  EDX=00000000
00005024850i[CPU0 ] | ESP=00000ffc  EBP=00000000  ESI=00000200  EDI=01000200
00005024850i[CPU0 ] | IOPL=0 NV UP DI PL NZ AC PO CY
00005024850i[CPU0 ] | SEG selector     base    limit G D
00005024850i[CPU0 ] | SEG sltr(index|ti|rpl)     base    limit G D
00005024850i[CPU0 ] |  DS:0018( 0003| 0|  0) 00007c00 000fffff 1 1
00005024850i[CPU0 ] |  ES:0008( 0001| 0|  0) 00000000 000fffff 1 1
00005024850i[CPU0 ] |  FS:0000( 0000| 0|  0) 00000000 0000ffff 0 0
00005024850i[CPU0 ] |  GS:0000( 0000| 0|  0) 00000000 0000ffff 0 0
00005024850i[CPU0 ] |  SS:0018( 0003| 0|  0) 00007c00 000fffff 1 1
00005024850i[CPU0 ] |  CS:0010( 0002| 0|  0) 00007c00 000fffff 1 1
00005024850i[CPU0 ] | EIP=017f8400 (017f8400)
00005024850i[CPU0 ] | CR0=0x60000011 CR1=0x00000000 CR2=0x00000000
00005024850i[CPU0 ] | CR3=0x00000000 CR4=0x00000000
00005024850i[     ] restoring default signal behavior
00005024850i[CTRL ] quit_sim called with exit code 1
