00000000000i[     ] Bochs x86 Emulator 2.1.pre1
00000000000i[     ]   Build from CVS snapshot on September 30, 2003
00000000000i[     ] System configuration
00000000000i[     ]   processors: 1
00000000000i[     ]   A20 line support: yes
00000000000i[     ]   APIC support: yes
00000000000i[     ] CPU configuration
00000000000i[     ]   level: 6
00000000000i[     ]   fpu support: yes
00000000000i[     ]   paging support: yes, tlb enabled: yes
00000000000i[     ]   mmx support: yes
00000000000i[     ]   sse support: 2
00000000000i[     ]   v8086 mode support: yes
00000000000i[     ]   3dnow! support: yes
00000000000i[     ]   PAE support: yes
00000000000i[     ]   PGE support: yes
00000000000i[     ]   PSE support: yes
00000000000i[     ]   x86-64 support: yes
00000000000i[     ]   SEP support: no
00000000000i[     ] Optimization configuration
00000000000i[     ]   Guest2HostTLB support: yes
00000000000i[     ]   RepeatSpeedups support: yes
00000000000i[     ]   Icache support: yes
00000000000i[     ]   Host Asm support: yes
00000000000i[MEM0 ] allocated memory at 0x8299000. after alignment, vector=0x8299000
00000000000i[MEM0 ] 8.00MB
00000000000i[MEM0 ] rom at 0xf0000/65536 ('/data/bochs/bios/BIOS-bochs-latest')
00000000000i[MEM0 ] rom at 0xc0000/32769 ('/data/bochs/bios/VGABIOS-elpin-2.40')
00000000000i[APIC?] local apic in  initializing
00000000000i[APIC0] 80686
00000000000i[CMOS ] Using local time for initial clock
00000000000i[CMOS ] Setting initial clock to: Fri Jan  2 15:48:41 2004 (time0=1073054921)
00000000000i[DMA  ] channel 4 used by cascade
00000000000i[DMA  ] channel 2 used by Floppy Drive
00000000000i[FDD  ] fd0: 'os64.flp' ro=0, h=2,t=80,spt=18
00000000000i[XGUI ] test_alloc_colors: 16 colors available out of 16 colors tried
00000000000i[XGUI ] font 8 wide x 16 high, display depth = 24
00000000000i[VGA  ] interval=80000
00000000000i[VGA  ] VBE Bochs Display Extension Enabled
00000000000i[     ] init_mem of 'harddrv' plugin device by virtual method
00000000000i[     ] init_mem of 'keyboard' plugin device by virtual method
00000000000i[     ] init_mem of 'serial' plugin device by virtual method
00000000000i[     ] init_mem of 'parallel' plugin device by virtual method
00000000000i[     ] init_mem of 'extfpuirq' plugin device by virtual method
00000000000i[     ] init_mem of 'gameport' plugin device by virtual method
00000000000i[     ] init_dev of 'harddrv' plugin device by virtual method
00000000000i[HD   ] Boot device will be 'a'
00000000000i[HD   ] Floppy boot signature check is disabled
00000000000i[     ] init_dev of 'keyboard' plugin device by virtual method
00000000000i[KBD  ] will paste characters every 1000 keyboard ticks
00000000000i[     ] init_dev of 'serial' plugin device by virtual method
00000000000i[SER  ] com1 at 0x3f8/8 irq 4
00000000000i[     ] init_dev of 'parallel' plugin device by virtual method
00000000000i[PAR  ] parallel port 1 at 0x378
00000000000i[     ] init_dev of 'extfpuirq' plugin device by virtual method
00000000000i[     ] init_dev of 'gameport' plugin device by virtual method
00000000000i[     ] reset of 'harddrv' plugin device by virtual method
00000000000i[     ] reset of 'keyboard' plugin device by virtual method
00000000000i[     ] reset of 'serial' plugin device by virtual method
00000000000i[     ] reset of 'parallel' plugin device by virtual method
00000000000i[     ] reset of 'extfpuirq' plugin device by virtual method
00000000000i[     ] reset of 'gameport' plugin device by virtual method
00000000000i[XGUI ] [x] Mouse off
00000004256i[BIOS ]  rombios.c,v 1.85.2.1 2003/01/16 21:58:42 cbothamy Exp $
00000325536i[KBD  ] reset-disable command received
00000352000i[XGUI ] charmap update. Font Height is 16
00000592294i[FDD  ] partial read() on floppy image returns 112/512
00000599339e[CPU0 ] exception(): 3rd (13) exception with no resolution, shutdown status is 00h, resetting
00000603595i[BIOS ]  rombios.c,v 1.85.2.1 2003/01/16 21:58:42 cbothamy Exp $
00000917108i[KBD  ] reset-disable command received
00000944000i[XGUI ] charmap update. Font Height is 16
00001183910i[FDD  ] partial read() on floppy image returns 112/512
00001190440e[CPU0 ] exception(): 3rd (13) exception with no resolution, shutdown status is 00h, resetting
00001194696i[BIOS ]  rombios.c,v 1.85.2.1 2003/01/16 21:58:42 cbothamy Exp $
00001508209i[KBD  ] reset-disable command received
00001536000i[XGUI ] charmap update. Font Height is 16
00001774163i[FDD  ] partial read() on floppy image returns 112/512
00001781541e[CPU0 ] exception(): 3rd (13) exception with no resolution, shutdown status is 00h, resetting
00001785797i[BIOS ]  rombios.c,v 1.85.2.1 2003/01/16 21:58:42 cbothamy Exp $
00002099310i[KBD  ] reset-disable command received
00002128000i[XGUI ] charmap update. Font Height is 16
00002366475i[FDD  ] partial read() on floppy image returns 112/512
00002372642e[CPU0 ] exception(): 3rd (13) exception with no resolution, shutdown status is 00h, resetting
00002376898i[BIOS ]  rombios.c,v 1.85.2.1 2003/01/16 21:58:42 cbothamy Exp $
00002690411i[KBD  ] reset-disable command received
00002720000i[XGUI ] charmap update. Font Height is 16
00002956728i[FDD  ] partial read() on floppy image returns 112/512
00002963743e[CPU0 ] exception(): 3rd (13) exception with no resolution, shutdown status is 00h, resetting
00002967999i[BIOS ]  rombios.c,v 1.85.2.1 2003/01/16 21:58:42 cbothamy Exp $
00003281512i[KBD  ] reset-disable command received
00003308000i[XGUI ] charmap update. Font Height is 16
00003547661i[FDD  ] partial read() on floppy image returns 112/512
00003554844e[CPU0 ] exception(): 3rd (13) exception with no resolution, shutdown status is 00h, resetting
00003559100i[BIOS ]  rombios.c,v 1.85.2.1 2003/01/16 21:58:42 cbothamy Exp $
00003872613i[KBD  ] reset-disable command received
00003900000i[XGUI ] charmap update. Font Height is 16
00004139295i[FDD  ] partial read() on floppy image returns 112/512
00004145945e[CPU0 ] exception(): 3rd (13) exception with no resolution, shutdown status is 00h, resetting
00004150201i[BIOS ]  rombios.c,v 1.85.2.1 2003/01/16 21:58:42 cbothamy Exp $
00004463714i[KBD  ] reset-disable command received
00004492000i[XGUI ] charmap update. Font Height is 16
00004730906i[FDD  ] partial read() on floppy image returns 112/512
00004737046e[CPU0 ] exception(): 3rd (13) exception with no resolution, shutdown status is 00h, resetting
00004741302i[BIOS ]  rombios.c,v 1.85.2.1 2003/01/16 21:58:42 cbothamy Exp $
00005054815i[KBD  ] reset-disable command received
00005084000i[XGUI ] charmap update. Font Height is 16
00005320471i[FDD  ] partial read() on floppy image returns 112/512
00005328147e[CPU0 ] exception(): 3rd (13) exception with no resolution, shutdown status is 00h, resetting
00005332403i[BIOS ]  rombios.c,v 1.85.2.1 2003/01/16 21:58:42 cbothamy Exp $
00005645916i[KBD  ] reset-disable command received
00005672000i[XGUI ] charmap update. Font Height is 16
00005911386i[FDD  ] partial read() on floppy image returns 112/512
00005919248e[CPU0 ] exception(): 3rd (13) exception with no resolution, shutdown status is 00h, resetting
00005923504i[BIOS ]  rombios.c,v 1.85.2.1 2003/01/16 21:58:42 cbothamy Exp $
00006237017i[KBD  ] reset-disable command received
00006264000i[XGUI ] charmap update. Font Height is 16
00006504404i[FDD  ] partial read() on floppy image returns 112/512
00006510349e[CPU0 ] exception(): 3rd (13) exception with no resolution, shutdown status is 00h, resetting
00006514605i[BIOS ]  rombios.c,v 1.85.2.1 2003/01/16 21:58:42 cbothamy Exp $
00006828118i[KBD  ] reset-disable command received
00006856000i[XGUI ] charmap update. Font Height is 16
00007094680i[FDD  ] partial read() on floppy image returns 112/512
00007101450e[CPU0 ] exception(): 3rd (13) exception with no resolution, shutdown status is 00h, resetting
00007105706i[BIOS ]  rombios.c,v 1.85.2.1 2003/01/16 21:58:42 cbothamy Exp $
00007419219i[KBD  ] reset-disable command received
00007448000i[XGUI ] charmap update. Font Height is 16
00007684188i[FDD  ] partial read() on floppy image returns 112/512
00007692551e[CPU0 ] exception(): 3rd (13) exception with no resolution, shutdown status is 00h, resetting
00007696807i[BIOS ]  rombios.c,v 1.85.2.1 2003/01/16 21:58:42 cbothamy Exp $
00008010320i[KBD  ] reset-disable command received
00008040000i[XGUI ] charmap update. Font Height is 16
00008276526i[FDD  ] partial read() on floppy image returns 112/512
00008283652e[CPU0 ] exception(): 3rd (13) exception with no resolution, shutdown status is 00h, resetting
00008287908i[BIOS ]  rombios.c,v 1.85.2.1 2003/01/16 21:58:42 cbothamy Exp $
00008502400p[XGUI ] >>PANIC<< POWER button turned off.
00008502400i[SYS  ] Last time is 1073055091
00008502400i[XGUI ] Exit.
00008502400i[CPU0 ] real mode
00008502400i[CPU0 ] CS.d_b = 16 bit
00008502400i[CPU0 ] SS.d_b = 16 bit
00008502400i[CPU0 ] | EAX=00000000  EBX=0000003e  ECX=00000000  EDX=0000f000
00008502400i[CPU0 ] | ESP=0000ffee  EBP=0000fff0  ESI=00000000  EDI=00000500
00008502400i[CPU0 ] | IOPL=0 NV UP DI PL ZR NA PE NC
00008502400i[CPU0 ] | SEG selector     base    limit G D
00008502400i[CPU0 ] | SEG sltr(index|ti|rpl)     base    limit G D
00008502400i[CPU0 ] |  DS:0000( 0000| 0|  0) 00000000 0000ffff 0 0
00008502400i[CPU0 ] |  ES:0000( 0000| 0|  0) 00000000 0000ffff 0 0
00008502400i[CPU0 ] |  FS:0000( 0000| 0|  0) 00000000 0000ffff 0 0
00008502400i[CPU0 ] |  GS:0000( 0000| 0|  0) 00000000 0000ffff 0 0
00008502400i[CPU0 ] |  SS:0000( 0000| 0|  0) 00000000 0000ffff 0 0
00008502400i[CPU0 ] |  CS:f000( 0000| 0|  0) 000f0000 0000ffff 0 0
00008502400i[CPU0 ] | EIP=00000467 (00000467)
00008502400i[CPU0 ] | CR0=0x60000010 CR1=0x00000000 CR2=0x00000000
00008502400i[CPU0 ] | CR3=0x00000000 CR4=0x00000000
00008502400i[     ] restoring default signal behavior
00008502400i[CTRL ] quit_sim called with exit code 1
